2025-05-05 11:35:13,364 [INFO] Starting Kubernetes Pod Restart Audit...
2025-05-05 11:35:15,603 [INFO] amazon-cloudwatch/amazon-cloudwatch-observability-controller-manager-86dd565rhtxx [manager] is healthy
2025-05-05 11:35:15,603 [INFO] amazon-cloudwatch/cloudwatch-agent-7zx2j [otc-container] is healthy
2025-05-05 11:35:15,603 [INFO] amazon-cloudwatch/cloudwatch-agent-829s2 [otc-container] is healthy
2025-05-05 11:35:15,603 [INFO] amazon-cloudwatch/cloudwatch-agent-r4c6z [otc-container] is healthy
2025-05-05 11:35:15,603 [INFO] amazon-cloudwatch/cloudwatch-agent-r9r46 [otc-container] is healthy
2025-05-05 11:35:15,603 [INFO] amazon-cloudwatch/fluent-bit-dn96j [fluent-bit] is healthy
2025-05-05 11:35:15,603 [INFO] amazon-cloudwatch/fluent-bit-kbf75 [fluent-bit] is healthy
2025-05-05 11:35:15,603 [INFO] amazon-cloudwatch/fluent-bit-nxmjg [fluent-bit] is healthy
2025-05-05 11:35:15,603 [INFO] amazon-cloudwatch/fluent-bit-qphtw [fluent-bit] is healthy
2025-05-05 11:35:15,603 [INFO] argocd/argocd-application-controller-0 [application-controller] is healthy
2025-05-05 11:35:15,603 [INFO] argocd/argocd-applicationset-controller-84cfc4d48-z7kbt [applicationset-controller] is healthy
2025-05-05 11:35:15,603 [INFO] argocd/argocd-dex-server-b74f956c6-db4gb [dex-server] is healthy
2025-05-05 11:35:15,603 [INFO] argocd/argocd-notifications-controller-6d86c8c568-d2865 [notifications-controller] is healthy
2025-05-05 11:35:15,603 [INFO] argocd/argocd-redis-74775d4cf9-jfbq8 [redis] is healthy
2025-05-05 11:35:15,603 [INFO] argocd/argocd-repo-server-776489d796-npqhf [repo-server] is healthy
2025-05-05 11:35:15,603 [INFO] argocd/argocd-server-5794ccd75b-cbfnx [server] is healthy
2025-05-05 11:35:15,603 [INFO] default/alertmanager-kube-prometheus-stack-alertmanager-0 [alertmanager] is healthy
2025-05-05 11:35:15,603 [INFO] default/alertmanager-kube-prometheus-stack-alertmanager-0 [config-reloader] is healthy
2025-05-05 11:35:15,603 [INFO] default/kube-prometheus-stack-grafana-dd6485764-gcjrd [grafana] is healthy
2025-05-05 11:35:15,603 [INFO] default/kube-prometheus-stack-grafana-dd6485764-gcjrd [grafana-sc-dashboard] is healthy
2025-05-05 11:35:15,603 [INFO] default/kube-prometheus-stack-grafana-dd6485764-gcjrd [grafana-sc-datasources] is healthy
2025-05-05 11:35:15,603 [INFO] default/kube-prometheus-stack-kube-state-metrics-7db454cd4f-4dmfq [kube-state-metrics] is healthy
2025-05-05 11:35:15,603 [INFO] default/kube-prometheus-stack-operator-85847c4cf-fs2dr [kube-prometheus-stack] is healthy
2025-05-05 11:35:15,603 [INFO] default/kube-prometheus-stack-prometheus-node-exporter-lv9mw [node-exporter] is healthy
2025-05-05 11:35:15,603 [INFO] default/kube-prometheus-stack-prometheus-node-exporter-qk9kx [node-exporter] is healthy
2025-05-05 11:35:15,603 [INFO] default/opentelemetry-demo-accountingservice-6f85b45fd6-2knpc [accountingservice] is healthy
2025-05-05 11:35:15,603 [INFO] default/opentelemetry-demo-adservice-64c6fb9bc7-58f6r [adservice] is healthy
2025-05-05 11:35:15,603 [INFO] default/opentelemetry-demo-cartservice-799f5d8bf6-8zp4s [cartservice] is healthy
2025-05-05 11:35:15,603 [INFO] default/opentelemetry-demo-checkoutservice-586cd686c7-26j4v [checkoutservice] is healthy
2025-05-05 11:35:15,603 [INFO] default/opentelemetry-demo-currencyservice-6879f8777c-n9dhw [currencyservice] is healthy
2025-05-05 11:35:15,603 [INFO] default/opentelemetry-demo-emailservice-546684d7cd-qvg4x [emailservice] is healthy
2025-05-05 11:35:15,603 [INFO] default/opentelemetry-demo-flagd-5877444846-c2f8p [flagd] is healthy
2025-05-05 11:35:15,603 [INFO] default/opentelemetry-demo-flagd-5877444846-c2f8p [flagdui] is healthy
2025-05-05 11:35:15,603 [INFO] default/opentelemetry-demo-frauddetectionservice-687585d6c4-cbbt2 [frauddetectionservice] is healthy
2025-05-05 11:35:15,603 [INFO] default/opentelemetry-demo-frontend-6b856f6669-8bjcw [frontend] is healthy
2025-05-05 11:35:15,603 [INFO] default/opentelemetry-demo-frontendproxy-5b6d4f87f7-x6r82 [frontendproxy] is healthy
2025-05-05 11:35:15,603 [INFO] default/opentelemetry-demo-imageprovider-5b7854975-jd5qj [imageprovider] is healthy
2025-05-05 11:35:15,603 [INFO] default/opentelemetry-demo-kafka-5cc647fdb5-t28jk [kafka] is healthy
2025-05-05 11:35:15,603 [INFO] default/opentelemetry-demo-loadgenerator-5cb458c599-4s8tq [loadgenerator] is healthy
2025-05-05 11:35:15,603 [INFO] default/opentelemetry-demo-paymentservice-868bd5b949-k9v6m [paymentservice] is healthy
2025-05-05 11:35:15,603 [INFO] default/opentelemetry-demo-productcatalogservice-6fd9cbbb5d-llf4l [productcatalogservice] is healthy
2025-05-05 11:35:15,604 [INFO] default/opentelemetry-demo-quoteservice-5d9fb4ff94-k6z7b [quoteservice] is healthy
2025-05-05 11:35:15,604 [INFO] default/opentelemetry-demo-recommendationservice-798597fdd5-zjs4w [recommendationservice] is healthy
2025-05-05 11:35:15,604 [INFO] default/opentelemetry-demo-shippingservice-5c7bf8c68-84zv7 [shippingservice] is healthy
2025-05-05 11:35:15,604 [INFO] default/opentelemetry-demo-valkey-7d7bc94657-qbl4h [valkey] is healthy
2025-05-05 11:35:15,604 [INFO] default/prometheus-kube-prometheus-stack-prometheus-0 [config-reloader] is healthy
2025-05-05 11:35:15,604 [INFO] default/prometheus-kube-prometheus-stack-prometheus-0 [prometheus] is healthy
2025-05-05 11:35:15,604 [INFO] kube-system/aws-load-balancer-controller-57749fc84f-sj6vm [aws-load-balancer-controller] is healthy
2025-05-05 11:35:15,604 [INFO] kube-system/aws-load-balancer-controller-57749fc84f-vjg9v [aws-load-balancer-controller] is healthy
2025-05-05 11:35:15,604 [INFO] kube-system/aws-node-5crkq [aws-eks-nodeagent] is healthy
2025-05-05 11:35:15,604 [INFO] kube-system/aws-node-5crkq [aws-node] is healthy
2025-05-05 11:35:15,604 [INFO] kube-system/aws-node-94cjh [aws-eks-nodeagent] is healthy
2025-05-05 11:35:15,604 [INFO] kube-system/aws-node-94cjh [aws-node] is healthy
2025-05-05 11:35:15,604 [INFO] kube-system/aws-node-p66lq [aws-eks-nodeagent] is healthy
2025-05-05 11:35:15,604 [INFO] kube-system/aws-node-p66lq [aws-node] is healthy
2025-05-05 11:35:15,604 [INFO] kube-system/coredns-586b798467-65ztp [coredns] is healthy
2025-05-05 11:35:15,604 [INFO] kube-system/coredns-586b798467-kq2pk [coredns] is healthy
2025-05-05 11:35:15,604 [INFO] kube-system/kube-proxy-8x4mc [kube-proxy] is healthy
2025-05-05 11:35:15,604 [INFO] kube-system/kube-proxy-lg29x [kube-proxy] is healthy
2025-05-05 11:35:15,604 [INFO] kube-system/kube-proxy-rlknj [kube-proxy] is healthy
2025-05-05 11:35:15,604 [INFO] kube-system/metrics-server-85bcbfb4dd-m54s9 [metrics-server] is healthy
2025-05-05 11:35:15,604 [INFO] kube-system/metrics-server-85bcbfb4dd-rfntb [metrics-server] is healthy
2025-05-05 11:35:15,604 [INFO] No issues found. No report sent.
2025-05-05 11:36:04,583 [INFO] Starting Kubernetes Pod Restart Audit...
2025-05-05 11:36:08,185 [INFO] amazon-cloudwatch/amazon-cloudwatch-observability-controller-manager-86dd565rhtxx [manager] is healthy
2025-05-05 11:36:08,185 [INFO] amazon-cloudwatch/cloudwatch-agent-7zx2j [otc-container] is healthy
2025-05-05 11:36:08,185 [INFO] amazon-cloudwatch/cloudwatch-agent-829s2 [otc-container] is healthy
2025-05-05 11:36:08,185 [INFO] amazon-cloudwatch/cloudwatch-agent-r4c6z [otc-container] is healthy
2025-05-05 11:36:08,185 [INFO] amazon-cloudwatch/cloudwatch-agent-r9r46 [otc-container] is healthy
2025-05-05 11:36:08,185 [INFO] amazon-cloudwatch/fluent-bit-dn96j [fluent-bit] is healthy
2025-05-05 11:36:08,185 [INFO] amazon-cloudwatch/fluent-bit-kbf75 [fluent-bit] is healthy
2025-05-05 11:36:08,185 [INFO] amazon-cloudwatch/fluent-bit-nxmjg [fluent-bit] is healthy
2025-05-05 11:36:08,185 [INFO] amazon-cloudwatch/fluent-bit-qphtw [fluent-bit] is healthy
2025-05-05 11:36:08,185 [INFO] argocd/argocd-application-controller-0 [application-controller] is healthy
2025-05-05 11:36:08,185 [INFO] argocd/argocd-applicationset-controller-84cfc4d48-z7kbt [applicationset-controller] is healthy
2025-05-05 11:36:08,185 [INFO] argocd/argocd-dex-server-b74f956c6-db4gb [dex-server] is healthy
2025-05-05 11:36:08,185 [INFO] argocd/argocd-notifications-controller-6d86c8c568-d2865 [notifications-controller] is healthy
2025-05-05 11:36:08,185 [INFO] argocd/argocd-redis-74775d4cf9-jfbq8 [redis] is healthy
2025-05-05 11:36:08,186 [INFO] argocd/argocd-repo-server-776489d796-npqhf [repo-server] is healthy
2025-05-05 11:36:08,186 [INFO] argocd/argocd-server-5794ccd75b-cbfnx [server] is healthy
2025-05-05 11:36:08,186 [INFO] default/alertmanager-kube-prometheus-stack-alertmanager-0 [alertmanager] is healthy
2025-05-05 11:36:08,186 [INFO] default/alertmanager-kube-prometheus-stack-alertmanager-0 [config-reloader] is healthy
2025-05-05 11:36:08,186 [INFO] default/kube-prometheus-stack-grafana-dd6485764-gcjrd [grafana] is healthy
2025-05-05 11:36:08,186 [INFO] default/kube-prometheus-stack-grafana-dd6485764-gcjrd [grafana-sc-dashboard] is healthy
2025-05-05 11:36:08,186 [INFO] default/kube-prometheus-stack-grafana-dd6485764-gcjrd [grafana-sc-datasources] is healthy
2025-05-05 11:36:08,186 [INFO] default/kube-prometheus-stack-kube-state-metrics-7db454cd4f-4dmfq [kube-state-metrics] is healthy
2025-05-05 11:36:08,186 [INFO] default/kube-prometheus-stack-operator-85847c4cf-fs2dr [kube-prometheus-stack] is healthy
2025-05-05 11:36:08,186 [INFO] default/kube-prometheus-stack-prometheus-node-exporter-lv9mw [node-exporter] is healthy
2025-05-05 11:36:08,186 [INFO] default/kube-prometheus-stack-prometheus-node-exporter-qk9kx [node-exporter] is healthy
2025-05-05 11:36:08,186 [INFO] default/opentelemetry-demo-accountingservice-6f85b45fd6-2knpc [accountingservice] is healthy
2025-05-05 11:36:08,186 [INFO] default/opentelemetry-demo-adservice-64c6fb9bc7-58f6r [adservice] is healthy
2025-05-05 11:36:08,186 [INFO] default/opentelemetry-demo-cartservice-799f5d8bf6-8zp4s [cartservice] is healthy
2025-05-05 11:36:08,186 [INFO] default/opentelemetry-demo-checkoutservice-586cd686c7-26j4v [checkoutservice] is healthy
2025-05-05 11:36:08,186 [INFO] default/opentelemetry-demo-currencyservice-6879f8777c-n9dhw [currencyservice] is healthy
2025-05-05 11:36:08,186 [INFO] default/opentelemetry-demo-emailservice-546684d7cd-qvg4x [emailservice] is healthy
2025-05-05 11:36:08,186 [INFO] default/opentelemetry-demo-flagd-5877444846-c2f8p [flagd] is healthy
2025-05-05 11:36:08,186 [INFO] default/opentelemetry-demo-flagd-5877444846-c2f8p [flagdui] is healthy
2025-05-05 11:36:08,186 [INFO] default/opentelemetry-demo-frauddetectionservice-687585d6c4-cbbt2 [frauddetectionservice] is healthy
2025-05-05 11:36:08,186 [INFO] default/opentelemetry-demo-frontend-6b856f6669-8bjcw [frontend] is healthy
2025-05-05 11:36:08,186 [INFO] default/opentelemetry-demo-frontendproxy-5b6d4f87f7-x6r82 [frontendproxy] is healthy
2025-05-05 11:36:08,186 [INFO] default/opentelemetry-demo-imageprovider-5b7854975-jd5qj [imageprovider] is healthy
2025-05-05 11:36:08,186 [INFO] default/opentelemetry-demo-kafka-5cc647fdb5-t28jk [kafka] is healthy
2025-05-05 11:36:08,186 [INFO] default/opentelemetry-demo-loadgenerator-5cb458c599-4s8tq [loadgenerator] is healthy
2025-05-05 11:36:08,186 [INFO] default/opentelemetry-demo-paymentservice-868bd5b949-k9v6m [paymentservice] is healthy
2025-05-05 11:36:08,186 [INFO] default/opentelemetry-demo-productcatalogservice-6fd9cbbb5d-kvws4 [productcatalogservice] is healthy
2025-05-05 11:36:08,186 [INFO] default/opentelemetry-demo-productcatalogservice-6fd9cbbb5d-llf4l [productcatalogservice] is healthy
2025-05-05 11:36:08,186 [INFO] default/opentelemetry-demo-productcatalogservice-6fd9cbbb5d-tpvdb [productcatalogservice] is healthy
2025-05-05 11:36:08,186 [INFO] default/opentelemetry-demo-productcatalogservice-6fd9cbbb5d-v67sw [productcatalogservice] is healthy
2025-05-05 11:36:08,186 [INFO] default/opentelemetry-demo-quoteservice-5d9fb4ff94-k6z7b [quoteservice] is healthy
2025-05-05 11:36:08,186 [INFO] default/opentelemetry-demo-recommendationservice-798597fdd5-zjs4w [recommendationservice] is healthy
2025-05-05 11:36:08,186 [INFO] default/opentelemetry-demo-shippingservice-5c7bf8c68-84zv7 [shippingservice] is healthy
2025-05-05 11:36:08,186 [INFO] default/opentelemetry-demo-valkey-7d7bc94657-qbl4h [valkey] is healthy
2025-05-05 11:36:08,186 [INFO] default/prometheus-kube-prometheus-stack-prometheus-0 [config-reloader] is healthy
2025-05-05 11:36:08,186 [INFO] default/prometheus-kube-prometheus-stack-prometheus-0 [prometheus] is healthy
2025-05-05 11:36:08,186 [INFO] kube-system/aws-load-balancer-controller-57749fc84f-sj6vm [aws-load-balancer-controller] is healthy
2025-05-05 11:36:08,186 [INFO] kube-system/aws-load-balancer-controller-57749fc84f-vjg9v [aws-load-balancer-controller] is healthy
2025-05-05 11:36:08,186 [INFO] kube-system/aws-node-5crkq [aws-eks-nodeagent] is healthy
2025-05-05 11:36:08,186 [INFO] kube-system/aws-node-5crkq [aws-node] is healthy
2025-05-05 11:36:08,186 [INFO] kube-system/aws-node-94cjh [aws-eks-nodeagent] is healthy
2025-05-05 11:36:08,186 [INFO] kube-system/aws-node-94cjh [aws-node] is healthy
2025-05-05 11:36:08,186 [INFO] kube-system/aws-node-p66lq [aws-eks-nodeagent] is healthy
2025-05-05 11:36:08,186 [INFO] kube-system/aws-node-p66lq [aws-node] is healthy
2025-05-05 11:36:08,186 [INFO] kube-system/coredns-586b798467-65ztp [coredns] is healthy
2025-05-05 11:36:08,186 [INFO] kube-system/coredns-586b798467-kq2pk [coredns] is healthy
2025-05-05 11:36:08,186 [INFO] kube-system/kube-proxy-8x4mc [kube-proxy] is healthy
2025-05-05 11:36:08,186 [INFO] kube-system/kube-proxy-lg29x [kube-proxy] is healthy
2025-05-05 11:36:08,186 [INFO] kube-system/kube-proxy-rlknj [kube-proxy] is healthy
2025-05-05 11:36:08,186 [INFO] kube-system/metrics-server-85bcbfb4dd-m54s9 [metrics-server] is healthy
2025-05-05 11:36:08,186 [INFO] kube-system/metrics-server-85bcbfb4dd-rfntb [metrics-server] is healthy
2025-05-05 11:36:08,187 [INFO] No issues found. No report sent.
